Arguments: 
  C:\Program Files\nodejs\node.exe C:\Users\oierc\AppData\Roaming\npm\node_modules\yarn\bin\yarn.js add style-components

PATH: 
  C:\Python311\Scripts\;C:\Python311\;C:\Program Files\Common Files\Oracle\Java\javapath;C:\Program Files (x86)\Common Files\Oracle\Java\javapath;C:\WINDOWS\system32;C:\WINDOWS;C:\WINDOWS\System32\Wbem;C:\WINDOWS\System32\WindowsPowerShell\v1.0\;C:\WINDOWS\System32\OpenSSH\;C:\Program Files (x86)\dotnet\;D:\VSCodeForCPP\mingw64\bin;D:\VSCodeForCPP\doxygen;C:\Program Files\Git\cmd;C:\Program Files\doxygen\bin;C:\Program Files\nodejs\;C:\ProgramData\chocolatey\bin;C:\xampp\php;C:\ProgramData\ComposerSetup\bin;C:\Program Files\Docker\Docker\resources\bin;C:\Users\oierc\AppData\Local\Microsoft\WindowsApps;C:\Users\oierc\AppData\Local\Programs\Microsoft VS Code\bin;C:\Users\oierc\AppData\Roaming\npm;C:\Program Files\Java\jdk-17.0.1\bin;C:\Users\oierc\AppData\Local\gitkraken\bin;C:\Users\oierc\AppData\Roaming\Composer\vendor\bin

Yarn version: 
  1.22.19

Node version: 
  18.14.2

Platform: 
  win32 x64

Trace: 
  Error: EPERM: operation not permitted, copyfile 'C:\Users\oierc\AppData\Local\Yarn\Cache\v6\npm-webpack-dev-server-4.13.3-9feb740b8b56b886260bae1360286818a221bae8-integrity\node_modules\webpack-dev-server\package.json' -> 'D:\oierc\Documents\Projet_Solo\Portfolio\Besta\besta-react\node_modules\webpack-dev-server\package.json'

npm manifest: 
  {
    "name": "besta-react",
    "version": "0.1.0",
    "private": true,
    "dependencies": {
      "@testing-library/jest-dom": "^5.16.5",
      "@testing-library/react": "^13.4.0",
      "@testing-library/user-event": "^13.5.0",
      "react": "^18.2.0",
      "react-dom": "^18.2.0",
      "react-scripts": "5.0.1",
      "web-vitals": "^2.1.4"
    },
    "scripts": {
      "start": "react-scripts start",
      "build": "react-scripts build",
      "test": "react-scripts test",
      "eject": "react-scripts eject"
    },
    "eslintConfig": {
      "extends": [
        "react-app",
        "react-app/jest"
      ]
    },
    "browserslist": {
      "production": [
        ">0.2%",
        "not dead",
        "not op_mini all"
      ],
      "development": [
        "last 1 chrome version",
        "last 1 firefox version",
        "last 1 safari version"
      ]
    }
  }

yarn manifest: 
  No manifest

Lockfile: 
  No lockfile
